<?xml version="1.0" encoding="UTF-8"?>
<!-- Generated by org.testng.reporters.JUnitReportReporter -->
<testsuite skipped="0" hostname="DESKTOP-0MN1GUC" name="com.selenium.qa.testcases.ContactsPageTest" tests="3" failures="0" timestamp="03 Sep 2020 12:50:50 GMT" time="71.090" errors="0">
  <testcase name="createNewContactTest" time="23.734" classname="com.selenium.qa.testcases.ContactsPageTest"/>
  <testcase name="createNewContactTest" time="24.021" classname="com.selenium.qa.testcases.ContactsPageTest"/>
  <testcase name="createNewContactTest" time="23.335" classname="com.selenium.qa.testcases.ContactsPageTest"/>
</testsuite> <!-- com.selenium.qa.testcases.ContactsPageTest -->
