<?xml version="1.0" encoding="UTF-8"?>
<!-- Generated by org.testng.reporters.JUnitReportReporter -->
<testsuite skipped="0" hostname="DESKTOP-0MN1GUC" name="com.selenium.qa.testcases.LoginPageTest" tests="3" failures="0" timestamp="03 Sep 2020 12:50:50 GMT" time="45.068" errors="0">
  <testcase name="loginPageTitleTest" time="11.926" classname="com.selenium.qa.testcases.LoginPageTest"/>
  <testcase name="crmLogoImageTest" time="12.051" classname="com.selenium.qa.testcases.LoginPageTest"/>
  <testcase name="loginTest" time="21.091" classname="com.selenium.qa.testcases.LoginPageTest"/>
</testsuite> <!-- com.selenium.qa.testcases.LoginPageTest -->
