<?xml version="1.0" encoding="UTF-8"?>
<!-- Generated by org.testng.reporters.JUnitReportReporter -->
<testsuite skipped="0" hostname="DESKTOP-0MN1GUC" name="com.selenium.qa.testcases.HomePageTest" tests="3" failures="0" timestamp="03 Sep 2020 12:50:50 GMT" time="71.556" errors="0">
  <testcase name="verifyHomePageTitleTest" time="21.413" classname="com.selenium.qa.testcases.HomePageTest"/>
  <testcase name="verifyUserNameLabel" time="25.686" classname="com.selenium.qa.testcases.HomePageTest"/>
  <testcase name="verifyContactsLinkTest" time="24.457" classname="com.selenium.qa.testcases.HomePageTest"/>
</testsuite> <!-- com.selenium.qa.testcases.HomePageTest -->
