<?xml version="1.0" encoding="UTF-8"?>
<!-- Generated by org.testng.reporters.JUnitReportReporter -->
<testsuite skipped="0" hostname="DESKTOP-0MN1GUC" name="com.selenium.qa.testcases.LoginPageTest" tests="3" failures="0" timestamp="11 Sep 2020 12:41:24 GMT" time="40.459" errors="0">
  <testcase name="loginPageTitleTest" time="11.155" classname="com.selenium.qa.testcases.LoginPageTest"/>
  <testcase name="crmLogoImageTest" time="11.292" classname="com.selenium.qa.testcases.LoginPageTest"/>
  <testcase name="loginTest" time="18.012" classname="com.selenium.qa.testcases.LoginPageTest"/>
</testsuite> <!-- com.selenium.qa.testcases.LoginPageTest -->
