<?xml version="1.0" encoding="UTF-8"?>
<!-- Generated by org.testng.reporters.JUnitReportReporter -->
<testsuite skipped="0" hostname="DESKTOP-0MN1GUC" name="com.selenium.qa.testcases.HomePageTest" tests="3" failures="0" timestamp="11 Sep 2020 12:41:24 GMT" time="62.020" errors="0">
  <testcase name="verifyHomePageTitleTest" time="18.620" classname="com.selenium.qa.testcases.HomePageTest"/>
  <testcase name="verifyUserNameLabel" time="18.493" classname="com.selenium.qa.testcases.HomePageTest"/>
  <testcase name="verifyContactsLinkTest" time="24.907" classname="com.selenium.qa.testcases.HomePageTest"/>
</testsuite> <!-- com.selenium.qa.testcases.HomePageTest -->
