<?xml version="1.0" encoding="UTF-8"?>
<!-- Generated by org.testng.reporters.JUnitReportReporter -->
<testsuite skipped="0" hostname="DESKTOP-0MN1GUC" name="com.selenium.qa.testcases.HomePageTest" tests="3" failures="0" timestamp="15 Sep 2020 13:22:20 GMT" time="54.434" errors="0">
  <testcase name="verifyHomePageTitleTest" time="13.535" classname="com.selenium.qa.testcases.HomePageTest"/>
  <testcase name="verifyUserNameLabel" time="16.322" classname="com.selenium.qa.testcases.HomePageTest"/>
  <testcase name="verifyContactsLinkTest" time="24.577" classname="com.selenium.qa.testcases.HomePageTest"/>
</testsuite> <!-- com.selenium.qa.testcases.HomePageTest -->
