<?xml version="1.0" encoding="UTF-8"?>
<!-- Generated by org.testng.reporters.JUnitReportReporter -->
<testsuite skipped="0" hostname="DESKTOP-0MN1GUC" name="com.selenium.qa.testcases.LoginPageTest" tests="3" failures="0" timestamp="15 Sep 2020 13:22:20 GMT" time="39.400" errors="0">
  <testcase name="loginPageTitleTest" time="12.761" classname="com.selenium.qa.testcases.LoginPageTest"/>
  <testcase name="crmLogoImageTest" time="10.917" classname="com.selenium.qa.testcases.LoginPageTest"/>
  <testcase name="loginTest" time="15.722" classname="com.selenium.qa.testcases.LoginPageTest"/>
</testsuite> <!-- com.selenium.qa.testcases.LoginPageTest -->
